-------------------------------------------------------------------------------
Test set: fr.hb.ewan.plages.controller.ClientControllerTest
-------------------------------------------------------------------------------
Tests run: 2, Failures: 1, Errors: 0, Skipped: 0, Time elapsed: 17.667 s <<< FAILURE! - in fr.hb.ewan.plages.controller.ClientControllerTest
testerPostAvatar  Time elapsed: 0.094 s  <<< FAILURE!
java.lang.AssertionError: Redirected URL expected:<clients> but was:<clients?message=avatar+correctement+ajoute>
	at fr.hb.ewan.plages.controller.ClientControllerTest.testerPostAvatar(ClientControllerTest.java:43)

